<?xml version="1.0" encoding="utf-8"?><testsuites name="pytest tests"><testsuite name="pytest" errors="0" failures="0" skipped="0" tests="24" time="2.321" timestamp="2026-05-24T22:09:47.404308+00:00" hostname="agent-env-1c42ee8c-afb1-49de-9bb2-81512877d2ed"><testcase classname="backend.tests.backend_test.TestHealth" name="test_root" time="0.256" /><testcase classname="backend.tests.backend_test.TestInventory" name="test_list_with_freshness" time="0.046" /><testcase classname="backend.tests.backend_test.TestInventory" name="test_crud_flow" time="0.241" /><testcase classname="backend.tests.backend_test.TestInventory" name="test_update_not_found" time="0.051" /><testcase classname="backend.tests.backend_test.TestInventory" name="test_delete_not_found" time="0.045" /><testcase classname="backend.tests.backend_test.TestScan" name="test_simulate_scan" time="0.045" /><testcase classname="backend.tests.backend_test.TestScan" name="test_scan_commit" time="0.196" /><testcase classname="backend.tests.backend_test.TestRecipes" name="test_list_recipes" time="0.055" /><testcase classname="backend.tests.backend_test.TestRecipes" name="test_filter_kid_friendly" time="0.055" /><testcase classname="backend.tests.backend_test.TestRecipes" name="test_filter_max_prep" time="0.047" /><testcase classname="backend.tests.backend_test.TestRecipes" name="test_filter_exclude_allergens" time="0.051" /><testcase classname="backend.tests.backend_test.TestRecipes" name="test_use_expiring_sort" time="0.046" /><testcase classname="backend.tests.backend_test.TestRecipes" name="test_get_recipe_detail" time="0.046" /><testcase classname="backend.tests.backend_test.TestRecipes" name="test_get_recipe_not_found" time="0.046" /><testcase classname="backend.tests.backend_test.TestGrocery" name="test_list_grocery" time="0.049" /><testcase classname="backend.tests.backend_test.TestGrocery" name="test_grocery_crud" time="0.138" /><testcase classname="backend.tests.backend_test.TestGrocery" name="test_auto_replenish" time="0.182" /><testcase classname="backend.tests.backend_test.TestGrocery" name="test_from_recipe" time="0.096" /><testcase classname="backend.tests.backend_test.TestGrocery" name="test_from_recipe_not_found" time="0.045" /><testcase classname="backend.tests.backend_test.TestFamily" name="test_get_family" time="0.047" /><testcase classname="backend.tests.backend_test.TestFamily" name="test_update_family_household" time="0.136" /><testcase classname="backend.tests.backend_test.TestFamily" name="test_update_family_members" time="0.134" /><testcase classname="backend.tests.backend_test.TestAlertsStats" name="test_alerts" time="0.046" /><testcase classname="backend.tests.backend_test.TestAlertsStats" name="test_stats" time="0.045" /></testsuite></testsuites>